<?xml version="1.0" encoding="UTF-8"?>
<!-- Generated by org.testng.reporters.JUnitReportReporter -->
<testsuite hostname="Alisha-PC" failures="0" tests="1" name="POJO.GetRequestWithRecords" time="2.272" errors="0" timestamp="2025-02-01T23:36:09 AEDT" skipped="0">
  <testcase classname="POJO.GetRequestWithRecords" name="getResponse" time="2.272"/>
</testsuite> <!-- POJO.GetRequestWithRecords -->
